<?xml version="1.0" encoding="UTF-8"?>
<testsuite failures="0" skipped="0" tests="4" name="Acceptance" time="23.677" errors="0">
<testcase classname="Acceptance.duckDuckGo.menuTests" name="Open sidebar" time="5.410">
</testcase>
<testcase classname="Acceptance.duckDuckGo.menuTests" name="Click embedded link &quot;Help Spread DuckDuckGO&quot;" time="4.978">
</testcase>
<testcase classname="Acceptance.duckDuckGo.searchTests" name="Search in DuckDuckGo with correct spelling" time="6.436">
</testcase>
<testcase classname="Acceptance.duckDuckGo.searchTests" name="Search in DuckDuckGo with incorrect spelling" time="6.061">
</testcase>
</testsuite>
