<?xml version="1.0" encoding="UTF-8"?>
<testsuite xmlns:xsi="http://www.w3.org/2001/XMLSchema-instance" xsi:noNamespaceSchemaLocation="https://maven.apache.org/surefire/maven-surefire-plugin/xsd/surefire-test-report.xsd" name="com.profitSoftware.robot.AppTest" time="0.025" tests="1" errors="0" skipped="0" failures="0">
  <properties>
    <property name="sun.desktop" value="windows"/>
    <property name="awt.toolkit" value="sun.awt.windows.WToolkit"/>
    <property name="file.encoding.pkg" value="sun.io"/>
    <property name="java.specification.version" value="1.8"/>
    <property name="sun.cpu.isalist" value="pentium_pro+mmx pentium_pro pentium+mmx pentium i486 i386 i86"/>
    <property name="sun.jnu.encoding" value="Cp1252"/>
    <property name="java.class.path" value="C:\Users\andre\IdeaProjects\profitSoftwareTests\target\test-classes;C:\Users\andre\IdeaProjects\profitSoftwareTests\target\classes;C:\Users\andre\.m2\repository\junit\junit\4.11\junit-4.11.jar;C:\Users\andre\.m2\repository\org\hamcrest\hamcrest-core\1.3\hamcrest-core-1.3.jar;C:\Users\andre\.m2\repository\com\github\markusbernhardt\robotframework-selenium2library-java\1.4.0.8\robotframework-selenium2library-java-1.4.0.8.jar;C:\Users\andre\.m2\repository\org\robotframework\javalib-core\1.2.1\javalib-core-1.2.1.jar;C:\Users\andre\.m2\repository\commons-collections\commons-collections\3.2\commons-collections-3.2.jar;C:\Users\andre\.m2\repository\com\thoughtworks\paranamer\paranamer\1.1.2\paranamer-1.1.2.jar;C:\Users\andre\.m2\repository\com\github\markusbernhardt\xml-doclet\1.0.5\xml-doclet-1.0.5.jar;C:\Users\andre\.m2\repository\commons-cli\commons-cli\1.2\commons-cli-1.2.jar;C:\Users\andre\.m2\repository\org\slf4j\slf4j-api\1.7.12\slf4j-api-1.7.12.jar;C:\Users\andre\.m2\repository\org\seleniumhq\selenium\selenium-server\2.48.2\selenium-server-2.48.2.jar;C:\Users\andre\.m2\repository\com\beust\jcommander\1.48\jcommander-1.48.jar;C:\Users\andre\.m2\repository\org\bouncycastle\bcprov-jdk15on\1.48\bcprov-jdk15on-1.48.jar;C:\Users\andre\.m2\repository\org\bouncycastle\bcpkix-jdk15on\1.48\bcpkix-jdk15on-1.48.jar;C:\Users\andre\.m2\repository\mx4j\mx4j-tools\3.0.1\mx4j-tools-3.0.1.jar;C:\Users\andre\.m2\repository\org\mortbay\jetty\servlet-api-2.5\6.1.9\servlet-api-2.5-6.1.9.jar;C:\Users\andre\.m2\repository\org\seleniumhq\selenium\jetty-repacked\9.2.13.v20150730\jetty-repacked-9.2.13.v20150730.jar;C:\Users\andre\.m2\repository\javax\servlet\javax.servlet-api\3.1.0\javax.servlet-api-3.1.0.jar;C:\Users\andre\.m2\repository\org\seleniumhq\selenium\jetty-rc-repacked\5\jetty-rc-repacked-5.jar;C:\Users\andre\.m2\repository\net\jcip\jcip-annotations\1.0\jcip-annotations-1.0.jar;C:\Users\andre\.m2\repository\org\seleniumhq\selenium\selenium-java\2.48.2\selenium-java-2.48.2.jar;C:\Users\andre\.m2\repository\org\seleniumhq\selenium\selenium-chrome-driver\2.48.2\selenium-chrome-driver-2.48.2.jar;C:\Users\andre\.m2\repository\org\seleniumhq\selenium\selenium-edge-driver\2.48.2\selenium-edge-driver-2.48.2.jar;C:\Users\andre\.m2\repository\org\seleniumhq\selenium\selenium-htmlunit-driver\2.48.2\selenium-htmlunit-driver-2.48.2.jar;C:\Users\andre\.m2\repository\net\sourceforge\htmlunit\htmlunit\2.18\htmlunit-2.18.jar;C:\Users\andre\.m2\repository\xalan\xalan\2.7.2\xalan-2.7.2.jar;C:\Users\andre\.m2\repository\xalan\serializer\2.7.2\serializer-2.7.2.jar;C:\Users\andre\.m2\repository\org\apache\httpcomponents\httpmime\4.5\httpmime-4.5.jar;C:\Users\andre\.m2\repository\net\sourceforge\htmlunit\htmlunit-core-js\2.17\htmlunit-core-js-2.17.jar;C:\Users\andre\.m2\repository\xerces\xercesImpl\2.11.0\xercesImpl-2.11.0.jar;C:\Users\andre\.m2\repository\xml-apis\xml-apis\1.4.01\xml-apis-1.4.01.jar;C:\Users\andre\.m2\repository\net\sourceforge\nekohtml\nekohtml\1.9.22\nekohtml-1.9.22.jar;C:\Users\andre\.m2\repository\net\sourceforge\cssparser\cssparser\0.9.16\cssparser-0.9.16.jar;C:\Users\andre\.m2\repository\org\w3c\css\sac\1.3\sac-1.3.jar;C:\Users\andre\.m2\repository\org\eclipse\jetty\websocket\websocket-client\9.2.12.v20150709\websocket-client-9.2.12.v20150709.jar;C:\Users\andre\.m2\repository\org\eclipse\jetty\jetty-util\9.2.12.v20150709\jetty-util-9.2.12.v20150709.jar;C:\Users\andre\.m2\repository\org\eclipse\jetty\jetty-io\9.2.12.v20150709\jetty-io-9.2.12.v20150709.jar;C:\Users\andre\.m2\repository\org\eclipse\jetty\websocket\websocket-common\9.2.12.v20150709\websocket-common-9.2.12.v20150709.jar;C:\Users\andre\.m2\repository\org\eclipse\jetty\websocket\websocket-api\9.2.12.v20150709\websocket-api-9.2.12.v20150709.jar;C:\Users\andre\.m2\repository\org\seleniumhq\selenium\selenium-firefox-driver\2.48.2\selenium-firefox-driver-2.48.2.jar;C:\Users\andre\.m2\repository\org\seleniumhq\selenium\selenium-ie-driver\2.48.2\selenium-ie-driver-2.48.2.jar;C:\Users\andre\.m2\repository\org\seleniumhq\selenium\selenium-safari-driver\2.48.2\selenium-safari-driver-2.48.2.jar;C:\Users\andre\.m2\repository\org\seleniumhq\selenium\selenium-support\2.48.2\selenium-support-2.48.2.jar;C:\Users\andre\.m2\repository\org\webbitserver\webbit\0.4.14\webbit-0.4.14.jar;C:\Users\andre\.m2\repository\io\netty\netty\3.5.2.Final\netty-3.5.2.Final.jar;C:\Users\andre\.m2\repository\org\seleniumhq\selenium\selenium-leg-rc\2.48.2\selenium-leg-rc-2.48.2.jar;C:\Users\andre\.m2\repository\org\yaml\snakeyaml\1.8\snakeyaml-1.8.jar;C:\Users\andre\.m2\repository\commons-codec\commons-codec\1.10\commons-codec-1.10.jar;C:\Users\andre\.m2\repository\com\opera\operadriver\1.5\operadriver-1.5.jar;C:\Users\andre\.m2\repository\com\opera\operalaunchers\1.1\operalaunchers-1.1.jar;C:\Users\andre\.m2\repository\com\google\protobuf\protobuf-java\2.4.1\protobuf-java-2.4.1.jar;C:\Users\andre\.m2\repository\com\google\guava\guava\14.0\guava-14.0.jar;C:\Users\andre\.m2\repository\commons-jxpath\commons-jxpath\1.3\commons-jxpath-1.3.jar;C:\Users\andre\.m2\repository\org\ini4j\ini4j\0.5.2\ini4j-0.5.2.jar;C:\Users\andre\.m2\repository\com\github\detro\ghostdriver\phantomjsdriver\1.1.0\phantomjsdriver-1.1.0.jar;C:\Users\andre\.m2\repository\org\aspectj\aspectjrt\1.8.7\aspectjrt-1.8.7.jar;C:\Users\andre\.m2\repository\com\googlecode\json-simple\json-simple\1.1.1\json-simple-1.1.1.jar;C:\Users\andre\.m2\repository\org\seleniumhq\selenium\selenium-remote-driver\2.48.2\selenium-remote-driver-2.48.2.jar;C:\Users\andre\.m2\repository\cglib\cglib-nodep\2.1_3\cglib-nodep-2.1_3.jar;C:\Users\andre\.m2\repository\com\google\code\gson\gson\2.3.1\gson-2.3.1.jar;C:\Users\andre\.m2\repository\org\seleniumhq\selenium\selenium-api\2.48.2\selenium-api-2.48.2.jar;C:\Users\andre\.m2\repository\org\apache\httpcomponents\httpclient\4.5.1\httpclient-4.5.1.jar;C:\Users\andre\.m2\repository\org\apache\httpcomponents\httpcore\4.4.3\httpcore-4.4.3.jar;C:\Users\andre\.m2\repository\commons-logging\commons-logging\1.2\commons-logging-1.2.jar;C:\Users\andre\.m2\repository\net\java\dev\jna\jna\4.1.0\jna-4.1.0.jar;C:\Users\andre\.m2\repository\net\java\dev\jna\jna-platform\4.1.0\jna-platform-4.1.0.jar;C:\Users\andre\.m2\repository\io\selendroid\selendroid-client\0.17.0\selendroid-client-0.17.0.jar;C:\Users\andre\.m2\repository\io\selendroid\selendroid-common\0.17.0\selendroid-common-0.17.0.jar;C:\Users\andre\.m2\repository\org\json\json\20090211\json-20090211.jar;C:\Users\andre\.m2\repository\io\selendroid\selendroid-server-common\0.17.0\selendroid-server-common-0.17.0.jar;C:\Users\andre\.m2\repository\io\netty\netty-all\4.0.21.Final\netty-all-4.0.21.Final.jar;C:\Users\andre\.m2\repository\io\appium\java-client\3.2.0\java-client-3.2.0.jar;C:\Users\andre\.m2\repository\cglib\cglib\3.1\cglib-3.1.jar;C:\Users\andre\.m2\repository\org\ow2\asm\asm\4.2\asm-4.2.jar;C:\Users\andre\.m2\repository\commons-validator\commons-validator\1.4.1\commons-validator-1.4.1.jar;C:\Users\andre\.m2\repository\commons-beanutils\commons-beanutils\1.8.3\commons-beanutils-1.8.3.jar;C:\Users\andre\.m2\repository\commons-digester\commons-digester\1.8.1\commons-digester-1.8.1.jar;C:\Users\andre\.m2\repository\org\apache\commons\commons-exec\1.3\commons-exec-1.3.jar;C:\Users\andre\.m2\repository\org\robotframework\robotframework-maven-plugin\1.5.1\robotframework-maven-plugin-1.5.1.jar;C:\Users\andre\.m2\repository\org\apache\maven\maven-plugin-api\3.5.3\maven-plugin-api-3.5.3.jar;C:\Users\andre\.m2\repository\org\apache\maven\maven-model\3.5.3\maven-model-3.5.3.jar;C:\Users\andre\.m2\repository\org\apache\commons\commons-lang3\3.5\commons-lang3-3.5.jar;C:\Users\andre\.m2\repository\org\apache\maven\maven-artifact\3.5.3\maven-artifact-3.5.3.jar;C:\Users\andre\.m2\repository\org\eclipse\sisu\org.eclipse.sisu.plexus\0.3.3\org.eclipse.sisu.plexus-0.3.3.jar;C:\Users\andre\.m2\repository\javax\enterprise\cdi-api\1.0\cdi-api-1.0.jar;C:\Users\andre\.m2\repository\javax\annotation\jsr250-api\1.0\jsr250-api-1.0.jar;C:\Users\andre\.m2\repository\javax\inject\javax.inject\1\javax.inject-1.jar;C:\Users\andre\.m2\repository\org\eclipse\sisu\org.eclipse.sisu.inject\0.3.3\org.eclipse.sisu.inject-0.3.3.jar;C:\Users\andre\.m2\repository\org\codehaus\plexus\plexus-component-annotations\1.5.5\plexus-component-annotations-1.5.5.jar;C:\Users\andre\.m2\repository\org\codehaus\plexus\plexus-utils\3.1.0\plexus-utils-3.1.0.jar;C:\Users\andre\.m2\repository\org\codehaus\plexus\plexus-classworlds\2.5.2\plexus-classworlds-2.5.2.jar;C:\Users\andre\.m2\repository\org\codehaus\plexus\plexus-io\3.0.1\plexus-io-3.0.1.jar;C:\Users\andre\.m2\repository\commons-io\commons-io\2.6\commons-io-2.6.jar;C:\Program Files (x86)\Java\jdk1.8.0_181\jre\..\lib\tools.jar;C:\Users\andre\.m2\repository\org\robotframework\robotframework\3.1.1\robotframework-3.1.1.jar;"/>
    <property name="java.vm.vendor" value="Oracle Corporation"/>
    <property name="sun.arch.data.model" value="32"/>
    <property name="user.variant" value=""/>
    <property name="java.vendor.url" value="http://java.oracle.com/"/>
    <property name="user.timezone" value="Europe/Helsinki"/>
    <property name="java.vm.specification.version" value="1.8"/>
    <property name="os.name" value="Windows 10"/>
    <property name="user.country" value="US"/>
    <property name="sun.java.launcher" value="SUN_STANDARD"/>
    <property name="sun.boot.library.path" value="C:\Program Files (x86)\Java\jdk1.8.0_181\jre\bin"/>
    <property name="sun.java.command" value="C:\Users\andre\AppData\Local\Temp\surefire3953873901758979431\surefirebooter534936460994996456.jar C:\Users\andre\AppData\Local\Temp\surefire3953873901758979431 2019-03-28T18-17-15_757-jvmRun1 surefire1180753553845577863tmp surefire_09184600562057959866tmp"/>
    <property name="surefire.test.class.path" value="C:\Users\andre\IdeaProjects\profitSoftwareTests\target\test-classes;C:\Users\andre\IdeaProjects\profitSoftwareTests\target\classes;C:\Users\andre\.m2\repository\junit\junit\4.11\junit-4.11.jar;C:\Users\andre\.m2\repository\org\hamcrest\hamcrest-core\1.3\hamcrest-core-1.3.jar;C:\Users\andre\.m2\repository\com\github\markusbernhardt\robotframework-selenium2library-java\1.4.0.8\robotframework-selenium2library-java-1.4.0.8.jar;C:\Users\andre\.m2\repository\org\robotframework\javalib-core\1.2.1\javalib-core-1.2.1.jar;C:\Users\andre\.m2\repository\commons-collections\commons-collections\3.2\commons-collections-3.2.jar;C:\Users\andre\.m2\repository\com\thoughtworks\paranamer\paranamer\1.1.2\paranamer-1.1.2.jar;C:\Users\andre\.m2\repository\com\github\markusbernhardt\xml-doclet\1.0.5\xml-doclet-1.0.5.jar;C:\Users\andre\.m2\repository\commons-cli\commons-cli\1.2\commons-cli-1.2.jar;C:\Users\andre\.m2\repository\org\slf4j\slf4j-api\1.7.12\slf4j-api-1.7.12.jar;C:\Users\andre\.m2\repository\org\seleniumhq\selenium\selenium-server\2.48.2\selenium-server-2.48.2.jar;C:\Users\andre\.m2\repository\com\beust\jcommander\1.48\jcommander-1.48.jar;C:\Users\andre\.m2\repository\org\bouncycastle\bcprov-jdk15on\1.48\bcprov-jdk15on-1.48.jar;C:\Users\andre\.m2\repository\org\bouncycastle\bcpkix-jdk15on\1.48\bcpkix-jdk15on-1.48.jar;C:\Users\andre\.m2\repository\mx4j\mx4j-tools\3.0.1\mx4j-tools-3.0.1.jar;C:\Users\andre\.m2\repository\org\mortbay\jetty\servlet-api-2.5\6.1.9\servlet-api-2.5-6.1.9.jar;C:\Users\andre\.m2\repository\org\seleniumhq\selenium\jetty-repacked\9.2.13.v20150730\jetty-repacked-9.2.13.v20150730.jar;C:\Users\andre\.m2\repository\javax\servlet\javax.servlet-api\3.1.0\javax.servlet-api-3.1.0.jar;C:\Users\andre\.m2\repository\org\seleniumhq\selenium\jetty-rc-repacked\5\jetty-rc-repacked-5.jar;C:\Users\andre\.m2\repository\net\jcip\jcip-annotations\1.0\jcip-annotations-1.0.jar;C:\Users\andre\.m2\repository\org\seleniumhq\selenium\selenium-java\2.48.2\selenium-java-2.48.2.jar;C:\Users\andre\.m2\repository\org\seleniumhq\selenium\selenium-chrome-driver\2.48.2\selenium-chrome-driver-2.48.2.jar;C:\Users\andre\.m2\repository\org\seleniumhq\selenium\selenium-edge-driver\2.48.2\selenium-edge-driver-2.48.2.jar;C:\Users\andre\.m2\repository\org\seleniumhq\selenium\selenium-htmlunit-driver\2.48.2\selenium-htmlunit-driver-2.48.2.jar;C:\Users\andre\.m2\repository\net\sourceforge\htmlunit\htmlunit\2.18\htmlunit-2.18.jar;C:\Users\andre\.m2\repository\xalan\xalan\2.7.2\xalan-2.7.2.jar;C:\Users\andre\.m2\repository\xalan\serializer\2.7.2\serializer-2.7.2.jar;C:\Users\andre\.m2\repository\org\apache\httpcomponents\httpmime\4.5\httpmime-4.5.jar;C:\Users\andre\.m2\repository\net\sourceforge\htmlunit\htmlunit-core-js\2.17\htmlunit-core-js-2.17.jar;C:\Users\andre\.m2\repository\xerces\xercesImpl\2.11.0\xercesImpl-2.11.0.jar;C:\Users\andre\.m2\repository\xml-apis\xml-apis\1.4.01\xml-apis-1.4.01.jar;C:\Users\andre\.m2\repository\net\sourceforge\nekohtml\nekohtml\1.9.22\nekohtml-1.9.22.jar;C:\Users\andre\.m2\repository\net\sourceforge\cssparser\cssparser\0.9.16\cssparser-0.9.16.jar;C:\Users\andre\.m2\repository\org\w3c\css\sac\1.3\sac-1.3.jar;C:\Users\andre\.m2\repository\org\eclipse\jetty\websocket\websocket-client\9.2.12.v20150709\websocket-client-9.2.12.v20150709.jar;C:\Users\andre\.m2\repository\org\eclipse\jetty\jetty-util\9.2.12.v20150709\jetty-util-9.2.12.v20150709.jar;C:\Users\andre\.m2\repository\org\eclipse\jetty\jetty-io\9.2.12.v20150709\jetty-io-9.2.12.v20150709.jar;C:\Users\andre\.m2\repository\org\eclipse\jetty\websocket\websocket-common\9.2.12.v20150709\websocket-common-9.2.12.v20150709.jar;C:\Users\andre\.m2\repository\org\eclipse\jetty\websocket\websocket-api\9.2.12.v20150709\websocket-api-9.2.12.v20150709.jar;C:\Users\andre\.m2\repository\org\seleniumhq\selenium\selenium-firefox-driver\2.48.2\selenium-firefox-driver-2.48.2.jar;C:\Users\andre\.m2\repository\org\seleniumhq\selenium\selenium-ie-driver\2.48.2\selenium-ie-driver-2.48.2.jar;C:\Users\andre\.m2\repository\org\seleniumhq\selenium\selenium-safari-driver\2.48.2\selenium-safari-driver-2.48.2.jar;C:\Users\andre\.m2\repository\org\seleniumhq\selenium\selenium-support\2.48.2\selenium-support-2.48.2.jar;C:\Users\andre\.m2\repository\org\webbitserver\webbit\0.4.14\webbit-0.4.14.jar;C:\Users\andre\.m2\repository\io\netty\netty\3.5.2.Final\netty-3.5.2.Final.jar;C:\Users\andre\.m2\repository\org\seleniumhq\selenium\selenium-leg-rc\2.48.2\selenium-leg-rc-2.48.2.jar;C:\Users\andre\.m2\repository\org\yaml\snakeyaml\1.8\snakeyaml-1.8.jar;C:\Users\andre\.m2\repository\commons-codec\commons-codec\1.10\commons-codec-1.10.jar;C:\Users\andre\.m2\repository\com\opera\operadriver\1.5\operadriver-1.5.jar;C:\Users\andre\.m2\repository\com\opera\operalaunchers\1.1\operalaunchers-1.1.jar;C:\Users\andre\.m2\repository\com\google\protobuf\protobuf-java\2.4.1\protobuf-java-2.4.1.jar;C:\Users\andre\.m2\repository\com\google\guava\guava\14.0\guava-14.0.jar;C:\Users\andre\.m2\repository\commons-jxpath\commons-jxpath\1.3\commons-jxpath-1.3.jar;C:\Users\andre\.m2\repository\org\ini4j\ini4j\0.5.2\ini4j-0.5.2.jar;C:\Users\andre\.m2\repository\com\github\detro\ghostdriver\phantomjsdriver\1.1.0\phantomjsdriver-1.1.0.jar;C:\Users\andre\.m2\repository\org\aspectj\aspectjrt\1.8.7\aspectjrt-1.8.7.jar;C:\Users\andre\.m2\repository\com\googlecode\json-simple\json-simple\1.1.1\json-simple-1.1.1.jar;C:\Users\andre\.m2\repository\org\seleniumhq\selenium\selenium-remote-driver\2.48.2\selenium-remote-driver-2.48.2.jar;C:\Users\andre\.m2\repository\cglib\cglib-nodep\2.1_3\cglib-nodep-2.1_3.jar;C:\Users\andre\.m2\repository\com\google\code\gson\gson\2.3.1\gson-2.3.1.jar;C:\Users\andre\.m2\repository\org\seleniumhq\selenium\selenium-api\2.48.2\selenium-api-2.48.2.jar;C:\Users\andre\.m2\repository\org\apache\httpcomponents\httpclient\4.5.1\httpclient-4.5.1.jar;C:\Users\andre\.m2\repository\org\apache\httpcomponents\httpcore\4.4.3\httpcore-4.4.3.jar;C:\Users\andre\.m2\repository\commons-logging\commons-logging\1.2\commons-logging-1.2.jar;C:\Users\andre\.m2\repository\net\java\dev\jna\jna\4.1.0\jna-4.1.0.jar;C:\Users\andre\.m2\repository\net\java\dev\jna\jna-platform\4.1.0\jna-platform-4.1.0.jar;C:\Users\andre\.m2\repository\io\selendroid\selendroid-client\0.17.0\selendroid-client-0.17.0.jar;C:\Users\andre\.m2\repository\io\selendroid\selendroid-common\0.17.0\selendroid-common-0.17.0.jar;C:\Users\andre\.m2\repository\org\json\json\20090211\json-20090211.jar;C:\Users\andre\.m2\repository\io\selendroid\selendroid-server-common\0.17.0\selendroid-server-common-0.17.0.jar;C:\Users\andre\.m2\repository\io\netty\netty-all\4.0.21.Final\netty-all-4.0.21.Final.jar;C:\Users\andre\.m2\repository\io\appium\java-client\3.2.0\java-client-3.2.0.jar;C:\Users\andre\.m2\repository\cglib\cglib\3.1\cglib-3.1.jar;C:\Users\andre\.m2\repository\org\ow2\asm\asm\4.2\asm-4.2.jar;C:\Users\andre\.m2\repository\commons-validator\commons-validator\1.4.1\commons-validator-1.4.1.jar;C:\Users\andre\.m2\repository\commons-beanutils\commons-beanutils\1.8.3\commons-beanutils-1.8.3.jar;C:\Users\andre\.m2\repository\commons-digester\commons-digester\1.8.1\commons-digester-1.8.1.jar;C:\Users\andre\.m2\repository\org\apache\commons\commons-exec\1.3\commons-exec-1.3.jar;C:\Users\andre\.m2\repository\org\robotframework\robotframework-maven-plugin\1.5.1\robotframework-maven-plugin-1.5.1.jar;C:\Users\andre\.m2\repository\org\apache\maven\maven-plugin-api\3.5.3\maven-plugin-api-3.5.3.jar;C:\Users\andre\.m2\repository\org\apache\maven\maven-model\3.5.3\maven-model-3.5.3.jar;C:\Users\andre\.m2\repository\org\apache\commons\commons-lang3\3.5\commons-lang3-3.5.jar;C:\Users\andre\.m2\repository\org\apache\maven\maven-artifact\3.5.3\maven-artifact-3.5.3.jar;C:\Users\andre\.m2\repository\org\eclipse\sisu\org.eclipse.sisu.plexus\0.3.3\org.eclipse.sisu.plexus-0.3.3.jar;C:\Users\andre\.m2\repository\javax\enterprise\cdi-api\1.0\cdi-api-1.0.jar;C:\Users\andre\.m2\repository\javax\annotation\jsr250-api\1.0\jsr250-api-1.0.jar;C:\Users\andre\.m2\repository\javax\inject\javax.inject\1\javax.inject-1.jar;C:\Users\andre\.m2\repository\org\eclipse\sisu\org.eclipse.sisu.inject\0.3.3\org.eclipse.sisu.inject-0.3.3.jar;C:\Users\andre\.m2\repository\org\codehaus\plexus\plexus-component-annotations\1.5.5\plexus-component-annotations-1.5.5.jar;C:\Users\andre\.m2\repository\org\codehaus\plexus\plexus-utils\3.1.0\plexus-utils-3.1.0.jar;C:\Users\andre\.m2\repository\org\codehaus\plexus\plexus-classworlds\2.5.2\plexus-classworlds-2.5.2.jar;C:\Users\andre\.m2\repository\org\codehaus\plexus\plexus-io\3.0.1\plexus-io-3.0.1.jar;C:\Users\andre\.m2\repository\commons-io\commons-io\2.6\commons-io-2.6.jar;C:\Program Files (x86)\Java\jdk1.8.0_181\jre\..\lib\tools.jar;C:\Users\andre\.m2\repository\org\robotframework\robotframework\3.1.1\robotframework-3.1.1.jar;"/>
    <property name="sun.cpu.endian" value="little"/>
    <property name="user.home" value="C:\Users\andre"/>
    <property name="user.language" value="en"/>
    <property name="java.specification.vendor" value="Oracle Corporation"/>
    <property name="java.home" value="C:\Program Files (x86)\Java\jdk1.8.0_181\jre"/>
    <property name="basedir" value="C:\Users\andre\IdeaProjects\profitSoftwareTests"/>
    <property name="file.separator" value="\"/>
    <property name="line.separator" value="&#10;"/>
    <property name="java.vm.specification.vendor" value="Oracle Corporation"/>
    <property name="java.specification.name" value="Java Platform API Specification"/>
    <property name="java.awt.graphicsenv" value="sun.awt.Win32GraphicsEnvironment"/>
    <property name="surefire.real.class.path" value="C:\Users\andre\AppData\Local\Temp\surefire3953873901758979431\surefirebooter534936460994996456.jar"/>
    <property name="sun.boot.class.path" value="C:\Program Files (x86)\Java\jdk1.8.0_181\jre\lib\resources.jar;C:\Program Files (x86)\Java\jdk1.8.0_181\jre\lib\rt.jar;C:\Program Files (x86)\Java\jdk1.8.0_181\jre\lib\sunrsasign.jar;C:\Program Files (x86)\Java\jdk1.8.0_181\jre\lib\jsse.jar;C:\Program Files (x86)\Java\jdk1.8.0_181\jre\lib\jce.jar;C:\Program Files (x86)\Java\jdk1.8.0_181\jre\lib\charsets.jar;C:\Program Files (x86)\Java\jdk1.8.0_181\jre\lib\jfr.jar;C:\Program Files (x86)\Java\jdk1.8.0_181\jre\classes"/>
    <property name="user.script" value=""/>
    <property name="sun.management.compiler" value="HotSpot Client Compiler"/>
    <property name="java.runtime.version" value="1.8.0_181-b13"/>
    <property name="user.name" value="andre"/>
    <property name="path.separator" value=";"/>
    <property name="os.version" value="10.0"/>
    <property name="java.endorsed.dirs" value="C:\Program Files (x86)\Java\jdk1.8.0_181\jre\lib\endorsed"/>
    <property name="java.runtime.name" value="Java(TM) SE Runtime Environment"/>
    <property name="file.encoding" value="Cp1252"/>
    <property name="java.vm.name" value="Java HotSpot(TM) Client VM"/>
    <property name="localRepository" value="C:\Users\andre\.m2\repository"/>
    <property name="java.vendor.url.bug" value="http://bugreport.sun.com/bugreport/"/>
    <property name="java.io.tmpdir" value="C:\Users\andre\AppData\Local\Temp\"/>
    <property name="idea.version" value="2018.2.3"/>
    <property name="java.version" value="1.8.0_181"/>
    <property name="user.dir" value="C:\Users\andre\IdeaProjects\profitSoftwareTests"/>
    <property name="os.arch" value="x86"/>
    <property name="java.vm.specification.name" value="Java Virtual Machine Specification"/>
    <property name="java.awt.printerjob" value="sun.awt.windows.WPrinterJob"/>
    <property name="sun.os.patch.level" value=""/>
    <property name="java.library.path" value="C:\Program Files (x86)\Java\jdk1.8.0_181\jre\bin;C:\WINDOWS\Sun\Java\bin;C:\WINDOWS\system32;C:\WINDOWS;C:\Program Files (x86)\Common Files\Oracle\Java\javapath;C:\Windows\system32;C:\Windows;C:\Windows\System32\Wbem;C:\Windows\System32\WindowsPowerShell\v1.0\;C:\Program Files (x86)\NVIDIA Corporation\PhysX\Common;C:\WINDOWS\system32;C:\WINDOWS;C:\WINDOWS\System32\Wbem;C:\WINDOWS\System32\WindowsPowerShell\v1.0\;C:\WINDOWS\System32\OpenSSH\;C:\Program Files\Git\cmd;C:\Program Files\MATLAB\R2018b\bin;C:\Program Files\PuTTY\;C:\PostgreSQL\pg11\bin;C:\Program Files (x86)\IDEMIA\AWP\Dlls;C:\Program Files\IDEMIA\AWP\Dlls;C:\Program Files\chromedriver\;C:\Users\andre\AppData\Local\Programs\Python\Python37-32\Scripts\;C:\Users\andre\AppData\Local\Programs\Python\Python37-32\;C:\Users\andre\AppData\Local\Microsoft\WindowsApps;C:\Users\andre\AppData\Local\Programs\Microsoft VS Code\bin;C:\Modeltech_pe_edu_10.4a\win32pe_edu;."/>
    <property name="java.vm.info" value="mixed mode"/>
    <property name="java.vendor" value="Oracle Corporation"/>
    <property name="java.vm.version" value="25.181-b13"/>
    <property name="java.ext.dirs" value="C:\Program Files (x86)\Java\jdk1.8.0_181\jre\lib\ext;C:\WINDOWS\Sun\Java\lib\ext"/>
    <property name="sun.io.unicode.encoding" value="UnicodeLittle"/>
    <property name="java.class.version" value="52.0"/>
  </properties>
  <testcase name="shouldAnswerWithTrue" classname="com.profitSoftware.robot.AppTest" time="0.001"/>
</testsuite>